  [1m[36m (147.5ms)[0m  [1mCREATE TABLE "schema_migrations" ("version" varchar(255) NOT NULL) [0m
  [1m[35m (0.1ms)[0m  select sqlite_version(*)
  [1m[36m (223.6ms)[0m  [1mCREATE UNIQUE INDEX "unique_schema_migrations" ON "schema_migrations" ("version")[0m
  [1m[35mActiveRecord::SchemaMigration Load (0.3ms)[0m  SELECT "schema_migrations".* FROM "schema_migrations"
Migrating to CreateTestes (20141005125815)
  [1m[36m (0.1ms)[0m  [1mbegin transaction[0m
  [1m[35m (0.4ms)[0m  CREATE TABLE "testes" ("id" INTEGER PRIMARY KEY AUTOINCREMENT NOT NULL, "created_at" datetime, "updated_at" datetime) 
  [1m[36mSQL (0.6ms)[0m  [1mINSERT INTO "schema_migrations" ("version") VALUES (?)[0m  [["version", "20141005125815"]]
  [1m[35m (124.6ms)[0m  commit transaction
  [1m[36mActiveRecord::SchemaMigration Load (0.1ms)[0m  [1mSELECT "schema_migrations".* FROM "schema_migrations"[0m


Started GET "/" for 127.0.0.1 at 2014-10-05 09:59:33 -0300
  [1m[36mActiveRecord::SchemaMigration Load (0.2ms)[0m  [1mSELECT "schema_migrations".* FROM "schema_migrations"[0m
Processing by Rails::WelcomeController#index as HTML
  Rendered /home/jefferson/.rvm/gems/ruby-2.1.1/gems/railties-4.1.6/lib/rails/templates/rails/welcome/index.html.erb (2.1ms)
Completed 200 OK in 89ms (Views: 88.5ms | ActiveRecord: 0.0ms)


Started GET "/teste" for 127.0.0.1 at 2014-10-05 09:59:47 -0300

ActionController::RoutingError (No route matches [GET] "/teste"):
  actionpack (4.1.6) lib/action_dispatch/middleware/debug_exceptions.rb:21:in `call'
  actionpack (4.1.6) lib/action_dispatch/middleware/show_exceptions.rb:30:in `call'
  railties (4.1.6) lib/rails/rack/logger.rb:38:in `call_app'
  railties (4.1.6) lib/rails/rack/logger.rb:20:in `block in call'
  activesupport (4.1.6) lib/active_support/tagged_logging.rb:68:in `block in tagged'
  activesupport (4.1.6) lib/active_support/tagged_logging.rb:26:in `tagged'
  activesupport (4.1.6) lib/active_support/tagged_logging.rb:68:in `tagged'
  railties (4.1.6) lib/rails/rack/logger.rb:20:in `call'
  actionpack (4.1.6) lib/action_dispatch/middleware/request_id.rb:21:in `call'
  rack (1.5.2) lib/rack/runtime.rb:17:in `call'
  activesupport (4.1.6) lib/active_support/cache/strategy/local_cache_middleware.rb:26:in `call'
  rack (1.5.2) lib/rack/lock.rb:17:in `call'
  actionpack (4.1.6) lib/action_dispatch/middleware/static.rb:64:in `call'
  railties (4.1.6) lib/rails/engine.rb:514:in `call'
  railties (4.1.6) lib/rails/application.rb:144:in `call'
  rack (1.5.2) lib/rack/lock.rb:17:in `call'
  rack (1.5.2) lib/rack/content_length.rb:14:in `call'
  rack (1.5.2) lib/rack/handler/webrick.rb:60:in `service'
  /home/jefferson/.rvm/rubies/ruby-2.1.1/lib/ruby/2.1.0/webrick/httpserver.rb:138:in `service'
  /home/jefferson/.rvm/rubies/ruby-2.1.1/lib/ruby/2.1.0/webrick/httpserver.rb:94:in `run'
  /home/jefferson/.rvm/rubies/ruby-2.1.1/lib/ruby/2.1.0/webrick/server.rb:295:in `block in start_thread'


  Rendered /home/jefferson/.rvm/gems/ruby-2.1.1/gems/actionpack-4.1.6/lib/action_dispatch/middleware/templates/rescues/_trace.html.erb (1.9ms)
  Rendered /home/jefferson/.rvm/gems/ruby-2.1.1/gems/actionpack-4.1.6/lib/action_dispatch/middleware/templates/routes/_route.html.erb (1.5ms)
  Rendered /home/jefferson/.rvm/gems/ruby-2.1.1/gems/actionpack-4.1.6/lib/action_dispatch/middleware/templates/routes/_table.html.erb (33.0ms)
  Rendered /home/jefferson/.rvm/gems/ruby-2.1.1/gems/actionpack-4.1.6/lib/action_dispatch/middleware/templates/rescues/routing_error.html.erb within rescues/layout (192.7ms)


Started GET "/" for 127.0.0.1 at 2014-10-05 10:00:29 -0300
Processing by Rails::WelcomeController#index as HTML
  Rendered /home/jefferson/.rvm/gems/ruby-2.1.1/gems/railties-4.1.6/lib/rails/templates/rails/welcome/index.html.erb (0.1ms)
Completed 200 OK in 122ms (Views: 121.9ms | ActiveRecord: 0.0ms)


Started GET "/testes" for 127.0.0.1 at 2014-10-05 10:00:32 -0300
Processing by TestesController#index as HTML
  [1m[35mTeste Load (0.3ms)[0m  SELECT "testes".* FROM "testes"
Completed 200 OK in 26ms (Views: 23.4ms | ActiveRecord: 0.3ms)


Started GET "/testes" for 127.0.0.1 at 2014-10-05 10:05:23 -0300
Processing by TestesController#index as HTML
  [1m[36mTeste Load (0.3ms)[0m  [1mSELECT "testes".* FROM "testes"[0m
Completed 200 OK in 2ms (Views: 0.5ms | ActiveRecord: 0.3ms)


Started GET "/testes" for 127.0.0.1 at 2014-10-05 10:05:50 -0300
Processing by TestesController#index as HTML
  [1m[35mTeste Load (0.2ms)[0m  SELECT "testes".* FROM "testes"
Completed 200 OK in 1ms (Views: 0.5ms | ActiveRecord: 0.2ms)


Started GET "/testes/show" for 127.0.0.1 at 2014-10-05 10:06:03 -0300
Processing by TestesController#show as HTML
  Parameters: {"id"=>"show"}
Completed 200 OK in 0ms (Views: 0.1ms | ActiveRecord: 0.0ms)


Started GET "/testes/" for 127.0.0.1 at 2014-10-05 10:06:44 -0300
Processing by TestesController#index as HTML
Completed 200 OK in 0ms (Views: 0.1ms | ActiveRecord: 0.0ms)


Started GET "/testes/show" for 127.0.0.1 at 2014-10-05 10:06:48 -0300
Processing by TestesController#show as HTML
  Parameters: {"id"=>"show"}
Completed 200 OK in 0ms (Views: 0.0ms | ActiveRecord: 0.0ms)


Started GET "/testes/destroy" for 127.0.0.1 at 2014-10-05 10:06:53 -0300
Processing by TestesController#show as HTML
  Parameters: {"id"=>"destroy"}
Completed 200 OK in 0ms (Views: 0.1ms | ActiveRecord: 0.0ms)


Started GET "/testes/" for 127.0.0.1 at 2014-10-05 10:06:59 -0300
Processing by TestesController#index as HTML
Completed 200 OK in 0ms (Views: 0.1ms | ActiveRecord: 0.0ms)


Started GET "/" for 127.0.0.1 at 2014-10-07 09:51:23 -0300
  [1m[36mActiveRecord::SchemaMigration Load (0.1ms)[0m  [1mSELECT "schema_migrations".* FROM "schema_migrations"[0m
Processing by Rails::WelcomeController#index as HTML
  Rendered /home/03219223109/.rvm/gems/ruby-2.1.1@api-w/gems/railties-4.1.6/lib/rails/templates/rails/welcome/index.html.erb (1.2ms)
Completed 200 OK in 5ms (Views: 4.8ms | ActiveRecord: 0.0ms)


Started GET "/teste" for 127.0.0.1 at 2014-10-07 09:51:28 -0300

ActionController::RoutingError (No route matches [GET] "/teste"):
  actionpack (4.1.6) lib/action_dispatch/middleware/debug_exceptions.rb:21:in `call'
  actionpack (4.1.6) lib/action_dispatch/middleware/show_exceptions.rb:30:in `call'
  railties (4.1.6) lib/rails/rack/logger.rb:38:in `call_app'
  railties (4.1.6) lib/rails/rack/logger.rb:20:in `block in call'
  activesupport (4.1.6) lib/active_support/tagged_logging.rb:68:in `block in tagged'
  activesupport (4.1.6) lib/active_support/tagged_logging.rb:26:in `tagged'
  activesupport (4.1.6) lib/active_support/tagged_logging.rb:68:in `tagged'
  railties (4.1.6) lib/rails/rack/logger.rb:20:in `call'
  actionpack (4.1.6) lib/action_dispatch/middleware/request_id.rb:21:in `call'
  rack (1.5.2) lib/rack/runtime.rb:17:in `call'
  activesupport (4.1.6) lib/active_support/cache/strategy/local_cache_middleware.rb:26:in `call'
  rack (1.5.2) lib/rack/lock.rb:17:in `call'
  actionpack (4.1.6) lib/action_dispatch/middleware/static.rb:64:in `call'
  railties (4.1.6) lib/rails/engine.rb:514:in `call'
  railties (4.1.6) lib/rails/application.rb:144:in `call'
  rack (1.5.2) lib/rack/lock.rb:17:in `call'
  rack (1.5.2) lib/rack/content_length.rb:14:in `call'
  rack (1.5.2) lib/rack/handler/webrick.rb:60:in `service'
  /home/03219223109/.rvm/rubies/ruby-2.1.1/lib/ruby/2.1.0/webrick/httpserver.rb:138:in `service'
  /home/03219223109/.rvm/rubies/ruby-2.1.1/lib/ruby/2.1.0/webrick/httpserver.rb:94:in `run'
  /home/03219223109/.rvm/rubies/ruby-2.1.1/lib/ruby/2.1.0/webrick/server.rb:295:in `block in start_thread'


  Rendered /home/03219223109/.rvm/gems/ruby-2.1.1@api-w/gems/actionpack-4.1.6/lib/action_dispatch/middleware/templates/rescues/_trace.html.erb (0.8ms)
  Rendered /home/03219223109/.rvm/gems/ruby-2.1.1@api-w/gems/actionpack-4.1.6/lib/action_dispatch/middleware/templates/routes/_route.html.erb (1.2ms)
  Rendered /home/03219223109/.rvm/gems/ruby-2.1.1@api-w/gems/actionpack-4.1.6/lib/action_dispatch/middleware/templates/routes/_table.html.erb (4.0ms)
  Rendered /home/03219223109/.rvm/gems/ruby-2.1.1@api-w/gems/actionpack-4.1.6/lib/action_dispatch/middleware/templates/rescues/routing_error.html.erb within rescues/layout (17.7ms)


Started GET "/testes" for 127.0.0.1 at 2014-10-07 09:51:32 -0300
Processing by TestesController#index as HTML
Completed 200 OK in 0ms (Views: 0.1ms | ActiveRecord: 0.0ms)


Started GET "/testes/show" for 127.0.0.1 at 2014-10-07 09:51:38 -0300
Processing by TestesController#show as HTML
  Parameters: {"id"=>"show"}
Completed 200 OK in 0ms (Views: 0.1ms | ActiveRecord: 0.0ms)


Started GET "/" for 127.0.0.1 at 2014-10-08 09:09:07 -0300
  [1m[36mActiveRecord::SchemaMigration Load (0.1ms)[0m  [1mSELECT "schema_migrations".* FROM "schema_migrations"[0m
Processing by Rails::WelcomeController#index as HTML
  Rendered /home/03219223109/.rvm/gems/ruby-2.1.1@api-w/gems/railties-4.1.6/lib/rails/templates/rails/welcome/index.html.erb (1.5ms)
Completed 200 OK in 61ms (Views: 60.6ms | ActiveRecord: 0.0ms)


Started GET "/games" for 127.0.0.1 at 2014-10-08 09:09:12 -0300

ActionController::RoutingError (No route matches [GET] "/games"):
  actionpack (4.1.6) lib/action_dispatch/middleware/debug_exceptions.rb:21:in `call'
  actionpack (4.1.6) lib/action_dispatch/middleware/show_exceptions.rb:30:in `call'
  railties (4.1.6) lib/rails/rack/logger.rb:38:in `call_app'
  railties (4.1.6) lib/rails/rack/logger.rb:20:in `block in call'
  activesupport (4.1.6) lib/active_support/tagged_logging.rb:68:in `block in tagged'
  activesupport (4.1.6) lib/active_support/tagged_logging.rb:26:in `tagged'
  activesupport (4.1.6) lib/active_support/tagged_logging.rb:68:in `tagged'
  railties (4.1.6) lib/rails/rack/logger.rb:20:in `call'
  actionpack (4.1.6) lib/action_dispatch/middleware/request_id.rb:21:in `call'
  rack (1.5.2) lib/rack/runtime.rb:17:in `call'
  activesupport (4.1.6) lib/active_support/cache/strategy/local_cache_middleware.rb:26:in `call'
  rack (1.5.2) lib/rack/lock.rb:17:in `call'
  actionpack (4.1.6) lib/action_dispatch/middleware/static.rb:64:in `call'
  railties (4.1.6) lib/rails/engine.rb:514:in `call'
  railties (4.1.6) lib/rails/application.rb:144:in `call'
  rack (1.5.2) lib/rack/lock.rb:17:in `call'
  rack (1.5.2) lib/rack/content_length.rb:14:in `call'
  rack (1.5.2) lib/rack/handler/webrick.rb:60:in `service'
  /home/03219223109/.rvm/rubies/ruby-2.1.1/lib/ruby/2.1.0/webrick/httpserver.rb:138:in `service'
  /home/03219223109/.rvm/rubies/ruby-2.1.1/lib/ruby/2.1.0/webrick/httpserver.rb:94:in `run'
  /home/03219223109/.rvm/rubies/ruby-2.1.1/lib/ruby/2.1.0/webrick/server.rb:295:in `block in start_thread'


  Rendered /home/03219223109/.rvm/gems/ruby-2.1.1@api-w/gems/actionpack-4.1.6/lib/action_dispatch/middleware/templates/rescues/_trace.html.erb (1.1ms)
  Rendered /home/03219223109/.rvm/gems/ruby-2.1.1@api-w/gems/actionpack-4.1.6/lib/action_dispatch/middleware/templates/routes/_route.html.erb (1.2ms)
  Rendered /home/03219223109/.rvm/gems/ruby-2.1.1@api-w/gems/actionpack-4.1.6/lib/action_dispatch/middleware/templates/routes/_table.html.erb (93.7ms)
  Rendered /home/03219223109/.rvm/gems/ruby-2.1.1@api-w/gems/actionpack-4.1.6/lib/action_dispatch/middleware/templates/rescues/routing_error.html.erb within rescues/layout (196.0ms)


Started GET "/testes" for 127.0.0.1 at 2014-10-08 09:09:35 -0300
Processing by TestesController#index as HTML
Completed 200 OK in 0ms (Views: 0.1ms | ActiveRecord: 0.0ms)


Started GET "/games" for 127.0.0.1 at 2014-10-08 09:09:51 -0300
Processing by GamesController#index as HTML
Completed 200 OK in 0ms (Views: 0.1ms | ActiveRecord: 0.0ms)


Started GET "/games/new" for 127.0.0.1 at 2014-10-08 09:25:14 -0300
Processing by GamesController#new as HTML
Completed 200 OK in 20ms (Views: 0.1ms | ActiveRecord: 0.0ms)


Started GET "/games/new?nome=war1,jogador=jefferson" for 127.0.0.1 at 2014-10-08 09:26:06 -0300
Processing by GamesController#new as HTML
  Parameters: {"nome"=>"war1,jogador=jefferson"}
Completed 200 OK in 0ms (Views: 0.1ms | ActiveRecord: 0.0ms)


Started GET "/games/new?nome=war1&jogador=jefferson" for 127.0.0.1 at 2014-10-08 09:26:16 -0300
Processing by GamesController#new as HTML
  Parameters: {"nome"=>"war1", "jogador"=>"jefferson"}
Completed 200 OK in 0ms (Views: 0.1ms | ActiveRecord: 0.0ms)


Started GET "/games/new?nome=war1&jogador=jefferson&qtd_ter=42&qtd_obj=3&qtd_jog=3" for 127.0.0.1 at 2014-10-08 09:26:51 -0300
Processing by GamesController#new as HTML
  Parameters: {"nome"=>"war1", "jogador"=>"jefferson", "qtd_ter"=>"42", "qtd_obj"=>"3", "qtd_jog"=>"3"}
Completed 200 OK in 0ms (Views: 0.0ms | ActiveRecord: 0.0ms)


Started GET "/alunos?cpf=03219223109&key=226cec7b0f22ea120178078c647620e6164ec784&format=xml" for 127.0.0.1 at 2014-10-23 07:49:39 -0200
  [1m[36mActiveRecord::SchemaMigration Load (0.1ms)[0m  [1mSELECT "schema_migrations".* FROM "schema_migrations"[0m

ActionController::RoutingError (No route matches [GET] "/alunos"):
  actionpack (4.1.6) lib/action_dispatch/middleware/debug_exceptions.rb:21:in `call'
  actionpack (4.1.6) lib/action_dispatch/middleware/show_exceptions.rb:30:in `call'
  railties (4.1.6) lib/rails/rack/logger.rb:38:in `call_app'
  railties (4.1.6) lib/rails/rack/logger.rb:20:in `block in call'
  activesupport (4.1.6) lib/active_support/tagged_logging.rb:68:in `block in tagged'
  activesupport (4.1.6) lib/active_support/tagged_logging.rb:26:in `tagged'
  activesupport (4.1.6) lib/active_support/tagged_logging.rb:68:in `tagged'
  railties (4.1.6) lib/rails/rack/logger.rb:20:in `call'
  actionpack (4.1.6) lib/action_dispatch/middleware/request_id.rb:21:in `call'
  rack (1.5.2) lib/rack/runtime.rb:17:in `call'
  activesupport (4.1.6) lib/active_support/cache/strategy/local_cache_middleware.rb:26:in `call'
  rack (1.5.2) lib/rack/lock.rb:17:in `call'
  actionpack (4.1.6) lib/action_dispatch/middleware/static.rb:64:in `call'
  railties (4.1.6) lib/rails/engine.rb:514:in `call'
  railties (4.1.6) lib/rails/application.rb:144:in `call'
  rack (1.5.2) lib/rack/lock.rb:17:in `call'
  rack (1.5.2) lib/rack/content_length.rb:14:in `call'
  rack (1.5.2) lib/rack/handler/webrick.rb:60:in `service'
  /home/03219223109/.rvm/rubies/ruby-2.1.1/lib/ruby/2.1.0/webrick/httpserver.rb:138:in `service'
  /home/03219223109/.rvm/rubies/ruby-2.1.1/lib/ruby/2.1.0/webrick/httpserver.rb:94:in `run'
  /home/03219223109/.rvm/rubies/ruby-2.1.1/lib/ruby/2.1.0/webrick/server.rb:295:in `block in start_thread'


  Rendered /home/03219223109/.rvm/gems/ruby-2.1.1@api-w/gems/actionpack-4.1.6/lib/action_dispatch/middleware/templates/rescues/_trace.html.erb (1.2ms)
  Rendered /home/03219223109/.rvm/gems/ruby-2.1.1@api-w/gems/actionpack-4.1.6/lib/action_dispatch/middleware/templates/routes/_route.html.erb (1.6ms)
  Rendered /home/03219223109/.rvm/gems/ruby-2.1.1@api-w/gems/actionpack-4.1.6/lib/action_dispatch/middleware/templates/routes/_table.html.erb (120.6ms)
  Rendered /home/03219223109/.rvm/gems/ruby-2.1.1@api-w/gems/actionpack-4.1.6/lib/action_dispatch/middleware/templates/rescues/routing_error.html.erb within rescues/layout (214.0ms)


Started GET "/games/new?nome=war1&jogador=jefferson&qtd_ter=42&qtd_obj=3&qtd_jog=3" for 127.0.0.1 at 2014-10-23 07:50:04 -0200
Processing by GamesController#new as HTML
  Parameters: {"nome"=>"war1", "jogador"=>"jefferson", "qtd_ter"=>"42", "qtd_obj"=>"3", "qtd_jog"=>"3"}
Completed 200 OK in 0ms (Views: 0.1ms | ActiveRecord: 0.0ms)


Started GET "/rooms/new" for 127.0.0.1 at 2014-10-23 08:22:00 -0200
Processing by RoomsController#new as HTML
Completed 200 OK in 0ms (Views: 0.1ms | ActiveRecord: 0.0ms)


Started GET "/rooms/new?n_territories=24&n_objectives=10&n_players=%205" for 127.0.0.1 at 2014-10-23 12:11:57 -0200
  [1m[36mActiveRecord::SchemaMigration Load (0.1ms)[0m  [1mSELECT "schema_migrations".* FROM "schema_migrations"[0m
Processing by RoomsController#new as HTML
  Parameters: {"n_territories"=>"24", "n_objectives"=>"10", "n_players"=>" 5"}
Completed 500 Internal Server Error in 0ms

ArgumentError (bad value for range):
  app/controllers/rooms_controller.rb:55:in `draw_objectives'
  app/controllers/rooms_controller.rb:12:in `new'


  Rendered /home/03219223109/.rvm/gems/ruby-2.1.1@api-w/gems/actionpack-4.1.6/lib/action_dispatch/middleware/templates/rescues/_source.erb (0.7ms)
  Rendered /home/03219223109/.rvm/gems/ruby-2.1.1@api-w/gems/actionpack-4.1.6/lib/action_dispatch/middleware/templates/rescues/_trace.html.erb (1.0ms)
  Rendered /home/03219223109/.rvm/gems/ruby-2.1.1@api-w/gems/actionpack-4.1.6/lib/action_dispatch/middleware/templates/rescues/_request_and_response.html.erb (1.0ms)
  Rendered /home/03219223109/.rvm/gems/ruby-2.1.1@api-w/gems/actionpack-4.1.6/lib/action_dispatch/middleware/templates/rescues/diagnostics.erb within rescues/layout (11.5ms)


Started GET "/rooms/new?n_territories=24&n_objectives=10&n_players=5" for 127.0.0.1 at 2014-10-23 12:12:06 -0200
Processing by RoomsController#new as HTML
  Parameters: {"n_territories"=>"24", "n_objectives"=>"10", "n_players"=>"5"}
Completed 500 Internal Server Error in 0ms

ArgumentError (bad value for range):
  app/controllers/rooms_controller.rb:55:in `draw_objectives'
  app/controllers/rooms_controller.rb:12:in `new'


  Rendered /home/03219223109/.rvm/gems/ruby-2.1.1@api-w/gems/actionpack-4.1.6/lib/action_dispatch/middleware/templates/rescues/_source.erb (0.8ms)
  Rendered /home/03219223109/.rvm/gems/ruby-2.1.1@api-w/gems/actionpack-4.1.6/lib/action_dispatch/middleware/templates/rescues/_trace.html.erb (0.9ms)
  Rendered /home/03219223109/.rvm/gems/ruby-2.1.1@api-w/gems/actionpack-4.1.6/lib/action_dispatch/middleware/templates/rescues/_request_and_response.html.erb (1.1ms)
  Rendered /home/03219223109/.rvm/gems/ruby-2.1.1@api-w/gems/actionpack-4.1.6/lib/action_dispatch/middleware/templates/rescues/diagnostics.erb within rescues/layout (9.9ms)


Started GET "/rooms/new?n_territories=24&n_objectives=10&n_players=5" for 127.0.0.1 at 2014-10-23 12:15:38 -0200
Processing by RoomsController#new as HTML
  Parameters: {"n_territories"=>"24", "n_objectives"=>"10", "n_players"=>"5"}
Completed 500 Internal Server Error in 0ms

NoMethodError (undefined method `pry' for #<Binding:0x00000002b2cc88>):
  app/controllers/rooms_controller.rb:51:in `draw_objectives'
  app/controllers/rooms_controller.rb:12:in `new'


  Rendered /home/03219223109/.rvm/gems/ruby-2.1.1@api-w/gems/actionpack-4.1.6/lib/action_dispatch/middleware/templates/rescues/_source.erb (0.6ms)
  Rendered /home/03219223109/.rvm/gems/ruby-2.1.1@api-w/gems/actionpack-4.1.6/lib/action_dispatch/middleware/templates/rescues/_trace.html.erb (1.8ms)
  Rendered /home/03219223109/.rvm/gems/ruby-2.1.1@api-w/gems/actionpack-4.1.6/lib/action_dispatch/middleware/templates/rescues/_request_and_response.html.erb (0.8ms)
  Rendered /home/03219223109/.rvm/gems/ruby-2.1.1@api-w/gems/actionpack-4.1.6/lib/action_dispatch/middleware/templates/rescues/diagnostics.erb within rescues/layout (10.7ms)


Started GET "/rooms/new?n_territories=24&n_objectives=10&n_players=5" for 127.0.0.1 at 2014-10-23 12:18:21 -0200
  [1m[36mActiveRecord::SchemaMigration Load (0.1ms)[0m  [1mSELECT "schema_migrations".* FROM "schema_migrations"[0m
Processing by RoomsController#new as HTML
  Parameters: {"n_territories"=>"24", "n_objectives"=>"10", "n_players"=>"5"}
Completed 500 Internal Server Error in 29188ms

ArgumentError (bad value for range):
  app/controllers/rooms_controller.rb:56:in `draw_objectives'
  app/controllers/rooms_controller.rb:12:in `new'


  Rendered /home/03219223109/.rvm/gems/ruby-2.1.1@api-w/gems/actionpack-4.1.6/lib/action_dispatch/middleware/templates/rescues/_source.erb (0.5ms)
  Rendered /home/03219223109/.rvm/gems/ruby-2.1.1@api-w/gems/actionpack-4.1.6/lib/action_dispatch/middleware/templates/rescues/_trace.html.erb (1.2ms)
  Rendered /home/03219223109/.rvm/gems/ruby-2.1.1@api-w/gems/actionpack-4.1.6/lib/action_dispatch/middleware/templates/rescues/_request_and_response.html.erb (0.8ms)
  Rendered /home/03219223109/.rvm/gems/ruby-2.1.1@api-w/gems/actionpack-4.1.6/lib/action_dispatch/middleware/templates/rescues/diagnostics.erb within rescues/layout (10.3ms)


Started GET "/rooms/new?n_territories=24&n_objectives=10&n_players=5" for 127.0.0.1 at 2014-10-23 12:19:04 -0200
Processing by RoomsController#new as HTML
  Parameters: {"n_territories"=>"24", "n_objectives"=>"10", "n_players"=>"5"}
Completed 500 Internal Server Error in 0ms

ArgumentError (bad value for range):
  app/controllers/rooms_controller.rb:46:in `player_order'
  app/controllers/rooms_controller.rb:13:in `new'


  Rendered /home/03219223109/.rvm/gems/ruby-2.1.1@api-w/gems/actionpack-4.1.6/lib/action_dispatch/middleware/templates/rescues/_source.erb (0.5ms)
  Rendered /home/03219223109/.rvm/gems/ruby-2.1.1@api-w/gems/actionpack-4.1.6/lib/action_dispatch/middleware/templates/rescues/_trace.html.erb (0.9ms)
  Rendered /home/03219223109/.rvm/gems/ruby-2.1.1@api-w/gems/actionpack-4.1.6/lib/action_dispatch/middleware/templates/rescues/_request_and_response.html.erb (1.1ms)
  Rendered /home/03219223109/.rvm/gems/ruby-2.1.1@api-w/gems/actionpack-4.1.6/lib/action_dispatch/middleware/templates/rescues/diagnostics.erb within rescues/layout (10.7ms)


Started GET "/rooms/new?n_territories=24&n_objectives=10&n_players=5" for 127.0.0.1 at 2014-10-23 12:19:43 -0200
Processing by RoomsController#new as HTML
  Parameters: {"n_territories"=>"24", "n_objectives"=>"10", "n_players"=>"5"}
Completed 200 OK in 0ms (Views: 0.1ms | ActiveRecord: 0.0ms)


Started GET "/rooms/new?n_territories=24&n_objectives=10&n_players=5" for 127.0.0.1 at 2014-10-23 12:23:37 -0200
Processing by RoomsController#new as HTML
  Parameters: {"n_territories"=>"24", "n_objectives"=>"10", "n_players"=>"5"}
Completed 200 OK in 0ms (Views: 0.1ms | ActiveRecord: 0.0ms)
<<<<<<< HEAD
  [1m[36mActiveRecord::SchemaMigration Load (0.2ms)[0m  [1mSELECT "schema_migrations".* FROM "schema_migrations"[0m
  [1m[35mActiveRecord::SchemaMigration Load (0.2ms)[0m  SELECT "schema_migrations".* FROM "schema_migrations"
  [1m[36mActiveRecord::SchemaMigration Load (0.1ms)[0m  [1mSELECT "schema_migrations".* FROM "schema_migrations"[0m
Migrating to CreateRooms (20141023224115)
  [1m[35m (0.1ms)[0m  begin transaction
  [1m[36m (0.8ms)[0m  [1mCREATE TABLE "rooms" ("id" INTEGER PRIMARY KEY AUTOINCREMENT NOT NULL, "name" varchar(255), "players" varchar(255), "infos" varchar(255), "active" boolean, "created_at" datetime, "updated_at" datetime) [0m
  [1m[35mSQL (0.3ms)[0m  INSERT INTO "schema_migrations" ("version") VALUES (?)  [["version", "20141023224115"]]
  [1m[36m (537.1ms)[0m  [1mcommit transaction[0m
  [1m[35mActiveRecord::SchemaMigration Load (0.1ms)[0m  SELECT "schema_migrations".* FROM "schema_migrations"
  [1m[36m (1107.6ms)[0m  [1mCREATE TABLE "schema_migrations" ("version" varchar(255) NOT NULL) [0m
  [1m[35m (0.2ms)[0m  select sqlite_version(*)
  [1m[36m (252.7ms)[0m  [1mCREATE UNIQUE INDEX "unique_schema_migrations" ON "schema_migrations" ("version")[0m
  [1m[35mActiveRecord::SchemaMigration Load (0.2ms)[0m  SELECT "schema_migrations".* FROM "schema_migrations"
Migrating to CreateTestes (20141005125815)
  [1m[36m (0.1ms)[0m  [1mbegin transaction[0m
  [1m[35m (0.5ms)[0m  CREATE TABLE "testes" ("id" INTEGER PRIMARY KEY AUTOINCREMENT NOT NULL, "created_at" datetime, "updated_at" datetime) 
  [1m[36mSQL (0.4ms)[0m  [1mINSERT INTO "schema_migrations" ("version") VALUES (?)[0m  [["version", "20141005125815"]]
  [1m[35m (397.7ms)[0m  commit transaction
Migrating to CreateGames (20141023224615)
  [1m[36m (0.1ms)[0m  [1mbegin transaction[0m
  [1m[35m (0.4ms)[0m  CREATE TABLE "games" ("id" INTEGER PRIMARY KEY AUTOINCREMENT NOT NULL, "name" varchar(255), "infos" varchar(255), "players" varchar(255), "n_territories" integer, "n_goals" integer, "active" boolean, "in_room" boolean, "created_at" datetime, "updated_at" datetime) 
  [1m[36mSQL (0.3ms)[0m  [1mINSERT INTO "schema_migrations" ("version") VALUES (?)[0m  [["version", "20141023224615"]]
  [1m[35m (371.4ms)[0m  commit transaction
  [1m[36mActiveRecord::SchemaMigration Load (0.2ms)[0m  [1mSELECT "schema_migrations".* FROM "schema_migrations"[0m
  [1m[36mActiveRecord::SchemaMigration Load (0.1ms)[0m  [1mSELECT "schema_migrations".* FROM "schema_migrations"[0m
Migrating to CreatePlayers (20141023230132)
  [1m[35m (0.1ms)[0m  begin transaction
  [1m[36m (28.5ms)[0m  [1mCREATE TABLE "players" ("id" INTEGER PRIMARY KEY AUTOINCREMENT NOT NULL, "name" varchar(255), "type" integer, "goal_id" integer, "id_ingame" integer, "created_at" datetime, "updated_at" datetime) [0m
  [1m[35mSQL (0.4ms)[0m  INSERT INTO "schema_migrations" ("version") VALUES (?)  [["version", "20141023230132"]]
  [1m[36m (1234.5ms)[0m  [1mcommit transaction[0m
  [1m[35mActiveRecord::SchemaMigration Load (0.2ms)[0m  SELECT "schema_migrations".* FROM "schema_migrations"
=======


Started GET "/games/new?nome=war1&jogador=jefferson&qtd_ter=42&qtd_obj=3&qtd_jog=3" for 127.0.0.1 at 2014-10-23 15:33:51 -0200
  [1m[36mActiveRecord::SchemaMigration Load (0.2ms)[0m  [1mSELECT "schema_migrations".* FROM "schema_migrations"[0m
Processing by GamesController#new as HTML
  Parameters: {"nome"=>"war1", "jogador"=>"jefferson", "qtd_ter"=>"42", "qtd_obj"=>"3", "qtd_jog"=>"3"}
Completed 500 Internal Server Error in 3ms

NameError (undefined local variable or method `n_players' for #<GamesController:0xb5745d8c>):
  app/controllers/games_controller.rb:9:in `new'


  Rendered /home/jefferson/.rvm/gems/ruby-2.1.1@api-w/gems/actionpack-4.1.6/lib/action_dispatch/middleware/templates/rescues/_source.erb (1.0ms)
  Rendered /home/jefferson/.rvm/gems/ruby-2.1.1@api-w/gems/actionpack-4.1.6/lib/action_dispatch/middleware/templates/rescues/_trace.html.erb (1.7ms)
  Rendered /home/jefferson/.rvm/gems/ruby-2.1.1@api-w/gems/actionpack-4.1.6/lib/action_dispatch/middleware/templates/rescues/_request_and_response.html.erb (1.8ms)
  Rendered /home/jefferson/.rvm/gems/ruby-2.1.1@api-w/gems/actionpack-4.1.6/lib/action_dispatch/middleware/templates/rescues/diagnostics.erb within rescues/layout (22.3ms)


Started GET "/games/new?nome=war1&jogador=jefferson&qtd_ter=42&qtd_obj=3&qtd_jog=3" for 127.0.0.1 at 2014-10-23 15:34:51 -0200
Processing by GamesController#new as HTML
  Parameters: {"nome"=>"war1", "jogador"=>"jefferson", "qtd_ter"=>"42", "qtd_obj"=>"3", "qtd_jog"=>"3"}
Completed 500 Internal Server Error in 2ms

NameError (undefined local variable or method `n_players' for #<GamesController:0xb55cf4bc>):
  app/controllers/games_controller.rb:9:in `new'


  Rendered /home/jefferson/.rvm/gems/ruby-2.1.1@api-w/gems/actionpack-4.1.6/lib/action_dispatch/middleware/templates/rescues/_source.erb (48.5ms)
  Rendered /home/jefferson/.rvm/gems/ruby-2.1.1@api-w/gems/actionpack-4.1.6/lib/action_dispatch/middleware/templates/rescues/_trace.html.erb (1.9ms)
  Rendered /home/jefferson/.rvm/gems/ruby-2.1.1@api-w/gems/actionpack-4.1.6/lib/action_dispatch/middleware/templates/rescues/_request_and_response.html.erb (1.5ms)
  Rendered /home/jefferson/.rvm/gems/ruby-2.1.1@api-w/gems/actionpack-4.1.6/lib/action_dispatch/middleware/templates/rescues/diagnostics.erb within rescues/layout (67.8ms)


Started GET "/games/new?nome=war1&jogador=jefferson&qtd_ter=42&qtd_obj=3&qtd_jog=3" for 127.0.0.1 at 2014-10-23 15:34:53 -0200
Processing by GamesController#new as HTML
  Parameters: {"nome"=>"war1", "jogador"=>"jefferson", "qtd_ter"=>"42", "qtd_obj"=>"3", "qtd_jog"=>"3"}
Completed 500 Internal Server Error in 2ms

NameError (undefined local variable or method `n_players' for #<GamesController:0x9c1f468>):
  app/controllers/games_controller.rb:9:in `new'


  Rendered /home/jefferson/.rvm/gems/ruby-2.1.1@api-w/gems/actionpack-4.1.6/lib/action_dispatch/middleware/templates/rescues/_source.erb (1.2ms)
  Rendered /home/jefferson/.rvm/gems/ruby-2.1.1@api-w/gems/actionpack-4.1.6/lib/action_dispatch/middleware/templates/rescues/_trace.html.erb (1.8ms)
  Rendered /home/jefferson/.rvm/gems/ruby-2.1.1@api-w/gems/actionpack-4.1.6/lib/action_dispatch/middleware/templates/rescues/_request_and_response.html.erb (1.4ms)
  Rendered /home/jefferson/.rvm/gems/ruby-2.1.1@api-w/gems/actionpack-4.1.6/lib/action_dispatch/middleware/templates/rescues/diagnostics.erb within rescues/layout (20.6ms)


Started GET "/games/new?nome=war1&jogador=jefferson&qtd_ter=42&qtd_obj=3&qtd_jog=3" for 127.0.0.1 at 2014-10-23 15:35:08 -0200
Processing by GamesController#new as HTML
  Parameters: {"nome"=>"war1", "jogador"=>"jefferson", "qtd_ter"=>"42", "qtd_obj"=>"3", "qtd_jog"=>"3"}
Completed 200 OK in 1ms (Views: 0.1ms | ActiveRecord: 0.0ms)


Started GET "/games/new?n_objectives=14&n_territories=42&n_players=3" for 127.0.0.1 at 2014-10-23 15:37:16 -0200
Processing by GamesController#new as HTML
  Parameters: {"n_objectives"=>"14", "n_territories"=>"42", "n_players"=>"3"}
Completed 200 OK in 1ms (Views: 0.1ms | ActiveRecord: 0.0ms)


Started GET "/games/new?n_objectives=14&n_territories=42&n_players=5" for 127.0.0.1 at 2014-10-23 15:37:26 -0200
Processing by GamesController#new as HTML
  Parameters: {"n_objectives"=>"14", "n_territories"=>"42", "n_players"=>"5"}
Completed 200 OK in 1ms (Views: 0.1ms | ActiveRecord: 0.0ms)


Started GET "/games/new?n_objectives=14&n_territories=42&n_players=5" for 127.0.0.1 at 2014-10-23 15:55:14 -0200
Processing by GamesController#new as HTML
  Parameters: {"n_objectives"=>"14", "n_territories"=>"42", "n_players"=>"5"}
Completed 200 OK in 25ms (Views: 0.2ms | ActiveRecord: 0.0ms)


Started GET "/games/new?n_objectives=14&n_territories=42&n_players=5" for 127.0.0.1 at 2014-10-23 17:03:09 -0200
  [1m[36mActiveRecord::SchemaMigration Load (0.2ms)[0m  [1mSELECT "schema_migrations".* FROM "schema_migrations"[0m

SyntaxError (/home/jefferson/API/api-w/app/controllers/games_controller.rb:18: syntax error, unexpected ',', expecting ')'
      @game = Game.initialize (n_players,n_territories,n_objectives)
                                         ^
/home/jefferson/API/api-w/app/controllers/games_controller.rb:18: syntax error, unexpected ')', expecting '='):
  app/controllers/games_controller.rb:18: syntax error, unexpected ',', expecting ')'
  app/controllers/games_controller.rb:18: syntax error, unexpected ')', expecting '='


  Rendered /home/jefferson/.rvm/gems/ruby-2.1.1@api-w/gems/actionpack-4.1.6/lib/action_dispatch/middleware/templates/rescues/_source.erb (1.3ms)
  Rendered /home/jefferson/.rvm/gems/ruby-2.1.1@api-w/gems/actionpack-4.1.6/lib/action_dispatch/middleware/templates/rescues/_trace.html.erb (2.0ms)
  Rendered /home/jefferson/.rvm/gems/ruby-2.1.1@api-w/gems/actionpack-4.1.6/lib/action_dispatch/middleware/templates/rescues/_request_and_response.html.erb (1.9ms)
  Rendered /home/jefferson/.rvm/gems/ruby-2.1.1@api-w/gems/actionpack-4.1.6/lib/action_dispatch/middleware/templates/rescues/diagnostics.erb within rescues/layout (30.4ms)


Started GET "/games/new?n_objectives=14&n_territories=42&n_players=5" for 127.0.0.1 at 2014-10-23 17:03:46 -0200

SyntaxError (/home/jefferson/API/api-w/app/controllers/games_controller.rb:18: syntax error, unexpected ',', expecting ')'
      @game = Game.new (n_players,n_territories,n_objectives)
                                  ^
/home/jefferson/API/api-w/app/controllers/games_controller.rb:18: syntax error, unexpected ')', expecting '='):
  app/controllers/games_controller.rb:18: syntax error, unexpected ',', expecting ')'
  app/controllers/games_controller.rb:18: syntax error, unexpected ')', expecting '='


  Rendered /home/jefferson/.rvm/gems/ruby-2.1.1@api-w/gems/actionpack-4.1.6/lib/action_dispatch/middleware/templates/rescues/_source.erb (1.1ms)
  Rendered /home/jefferson/.rvm/gems/ruby-2.1.1@api-w/gems/actionpack-4.1.6/lib/action_dispatch/middleware/templates/rescues/_trace.html.erb (1.8ms)
  Rendered /home/jefferson/.rvm/gems/ruby-2.1.1@api-w/gems/actionpack-4.1.6/lib/action_dispatch/middleware/templates/rescues/_request_and_response.html.erb (1.6ms)
  Rendered /home/jefferson/.rvm/gems/ruby-2.1.1@api-w/gems/actionpack-4.1.6/lib/action_dispatch/middleware/templates/rescues/diagnostics.erb within rescues/layout (18.6ms)


Started GET "/games/new?n_objectives=14&n_territories=42&n_players=5" for 127.0.0.1 at 2014-10-23 17:04:01 -0200

SyntaxError (/home/jefferson/API/api-w/app/controllers/games_controller.rb:18: syntax error, unexpected ';', expecting ')'
      @game = Game.new (n_players;n_territories;n_objectives)
                                  ^
/home/jefferson/API/api-w/app/controllers/games_controller.rb:18: syntax error, unexpected ')', expecting keyword_end):
  app/controllers/games_controller.rb:18: syntax error, unexpected ';', expecting ')'
  app/controllers/games_controller.rb:18: syntax error, unexpected ')', expecting keyword_end


  Rendered /home/jefferson/.rvm/gems/ruby-2.1.1@api-w/gems/actionpack-4.1.6/lib/action_dispatch/middleware/templates/rescues/_source.erb (1.0ms)
  Rendered /home/jefferson/.rvm/gems/ruby-2.1.1@api-w/gems/actionpack-4.1.6/lib/action_dispatch/middleware/templates/rescues/_trace.html.erb (2.0ms)
  Rendered /home/jefferson/.rvm/gems/ruby-2.1.1@api-w/gems/actionpack-4.1.6/lib/action_dispatch/middleware/templates/rescues/_request_and_response.html.erb (1.6ms)
  Rendered /home/jefferson/.rvm/gems/ruby-2.1.1@api-w/gems/actionpack-4.1.6/lib/action_dispatch/middleware/templates/rescues/diagnostics.erb within rescues/layout (19.1ms)


Started GET "/games/new?n_objectives=14&n_territories=42&n_players=5" for 127.0.0.1 at 2014-10-23 17:04:14 -0200
Processing by GamesController#new as HTML
  Parameters: {"n_objectives"=>"14", "n_territories"=>"42", "n_players"=>"5"}
Completed 200 OK in 1ms (Views: 0.1ms | ActiveRecord: 0.0ms)


Started GET "/games/new?n_objectives=14&n_territories=42&n_players=5" for 127.0.0.1 at 2014-10-23 17:05:11 -0200
Processing by GamesController#new as HTML
  Parameters: {"n_objectives"=>"14", "n_territories"=>"42", "n_players"=>"5"}
Completed 500 Internal Server Error in 3ms

NoMethodError (undefined method `attr_accessible' for Game(Table doesn't exist):Class):
  app/models/game.rb:2:in `<class:Game>'
  app/models/game.rb:1:in `<top (required)>'
  app/controllers/games_controller.rb:20:in `new'


  Rendered /home/jefferson/.rvm/gems/ruby-2.1.1@api-w/gems/actionpack-4.1.6/lib/action_dispatch/middleware/templates/rescues/_source.erb (1.0ms)
  Rendered /home/jefferson/.rvm/gems/ruby-2.1.1@api-w/gems/actionpack-4.1.6/lib/action_dispatch/middleware/templates/rescues/_trace.html.erb (1.8ms)
  Rendered /home/jefferson/.rvm/gems/ruby-2.1.1@api-w/gems/actionpack-4.1.6/lib/action_dispatch/middleware/templates/rescues/_request_and_response.html.erb (1.6ms)
  Rendered /home/jefferson/.rvm/gems/ruby-2.1.1@api-w/gems/actionpack-4.1.6/lib/action_dispatch/middleware/templates/rescues/diagnostics.erb within rescues/layout (18.1ms)


Started GET "/games/new?n_objectives=14&n_territories=42&n_players=5" for 127.0.0.1 at 2014-10-23 17:05:25 -0200
Processing by GamesController#new as HTML
  Parameters: {"n_objectives"=>"14", "n_territories"=>"42", "n_players"=>"5"}
Completed 200 OK in 2ms (Views: 0.1ms | ActiveRecord: 0.0ms)


Started GET "/games/new?n_objectives=14&n_territories=42&n_players=5" for 127.0.0.1 at 2014-10-23 17:17:01 -0200
Processing by GamesController#new as HTML
  Parameters: {"n_objectives"=>"14", "n_territories"=>"42", "n_players"=>"5"}
Completed 500 Internal Server Error in 2ms

ActiveRecord::StatementInvalid (Could not find table 'games'):
  app/controllers/games_controller.rb:18:in `new'


  Rendered /home/jefferson/.rvm/gems/ruby-2.1.1@api-w/gems/actionpack-4.1.6/lib/action_dispatch/middleware/templates/rescues/_source.erb (0.9ms)
  Rendered /home/jefferson/.rvm/gems/ruby-2.1.1@api-w/gems/actionpack-4.1.6/lib/action_dispatch/middleware/templates/rescues/_trace.html.erb (1.7ms)
  Rendered /home/jefferson/.rvm/gems/ruby-2.1.1@api-w/gems/actionpack-4.1.6/lib/action_dispatch/middleware/templates/rescues/_request_and_response.html.erb (1.6ms)
  Rendered /home/jefferson/.rvm/gems/ruby-2.1.1@api-w/gems/actionpack-4.1.6/lib/action_dispatch/middleware/templates/rescues/diagnostics.erb within rescues/layout (18.0ms)


Started GET "/games/new?n_objectives=14&n_territories=42&n_players=5" for 127.0.0.1 at 2014-10-23 17:17:15 -0200
Processing by GamesController#new as HTML
  Parameters: {"n_objectives"=>"14", "n_territories"=>"42", "n_players"=>"5"}
Completed 500 Internal Server Error in 2ms

NoMethodError (private method `initialize' called for Game(Table doesn't exist):Class):
  app/controllers/games_controller.rb:18:in `new'


  Rendered /home/jefferson/.rvm/gems/ruby-2.1.1@api-w/gems/actionpack-4.1.6/lib/action_dispatch/middleware/templates/rescues/_source.erb (1.1ms)
  Rendered /home/jefferson/.rvm/gems/ruby-2.1.1@api-w/gems/actionpack-4.1.6/lib/action_dispatch/middleware/templates/rescues/_trace.html.erb (1.8ms)
  Rendered /home/jefferson/.rvm/gems/ruby-2.1.1@api-w/gems/actionpack-4.1.6/lib/action_dispatch/middleware/templates/rescues/_request_and_response.html.erb (1.4ms)
  Rendered /home/jefferson/.rvm/gems/ruby-2.1.1@api-w/gems/actionpack-4.1.6/lib/action_dispatch/middleware/templates/rescues/diagnostics.erb within rescues/layout (18.3ms)


Started GET "/games/new?n_objectives=14&n_territories=42&n_players=5" for 127.0.0.1 at 2014-10-23 17:18:52 -0200
Processing by GamesController#new as HTML
  Parameters: {"n_objectives"=>"14", "n_territories"=>"42", "n_players"=>"5"}
Completed 500 Internal Server Error in 1ms

NoMethodError (private method `initialize' called for Game:Class):
  app/controllers/games_controller.rb:18:in `new'


  Rendered /home/jefferson/.rvm/gems/ruby-2.1.1@api-w/gems/actionpack-4.1.6/lib/action_dispatch/middleware/templates/rescues/_source.erb (1.1ms)
  Rendered /home/jefferson/.rvm/gems/ruby-2.1.1@api-w/gems/actionpack-4.1.6/lib/action_dispatch/middleware/templates/rescues/_trace.html.erb (1.9ms)
  Rendered /home/jefferson/.rvm/gems/ruby-2.1.1@api-w/gems/actionpack-4.1.6/lib/action_dispatch/middleware/templates/rescues/_request_and_response.html.erb (1.8ms)
  Rendered /home/jefferson/.rvm/gems/ruby-2.1.1@api-w/gems/actionpack-4.1.6/lib/action_dispatch/middleware/templates/rescues/diagnostics.erb within rescues/layout (20.1ms)


Started GET "/games/new?n_objectives=14&n_territories=42&n_players=5" for 127.0.0.1 at 2014-10-23 17:25:06 -0200
Processing by GamesController#new as HTML
  Parameters: {"n_objectives"=>"14", "n_territories"=>"42", "n_players"=>"5"}
Completed 500 Internal Server Error in 46ms

ArgumentError (wrong number of arguments (1 for 0)):
  app/models/game.rb:7:in `initialize'
  app/controllers/games_controller.rb:18:in `new'
  app/controllers/games_controller.rb:18:in `new'


  Rendered /home/jefferson/.rvm/gems/ruby-2.1.1@api-w/gems/actionpack-4.1.6/lib/action_dispatch/middleware/templates/rescues/_source.erb (0.9ms)
  Rendered /home/jefferson/.rvm/gems/ruby-2.1.1@api-w/gems/actionpack-4.1.6/lib/action_dispatch/middleware/templates/rescues/_trace.html.erb (1.9ms)
  Rendered /home/jefferson/.rvm/gems/ruby-2.1.1@api-w/gems/actionpack-4.1.6/lib/action_dispatch/middleware/templates/rescues/_request_and_response.html.erb (1.6ms)
  Rendered /home/jefferson/.rvm/gems/ruby-2.1.1@api-w/gems/actionpack-4.1.6/lib/action_dispatch/middleware/templates/rescues/diagnostics.erb within rescues/layout (18.5ms)


Started GET "/games/new?n_objectives=14&n_territories=42&n_players=5" for 127.0.0.1 at 2014-10-23 17:26:34 -0200
Processing by GamesController#new as HTML
  Parameters: {"n_objectives"=>"14", "n_territories"=>"42", "n_players"=>"5"}
Completed 500 Internal Server Error in 2ms

NoMethodError (undefined method `id' for #<Game:0xc6a2ff0 @n_pla="5", @n_terr="42", @n_obj="14">):
  app/controllers/games_controller.rb:20:in `new'


  Rendered /home/jefferson/.rvm/gems/ruby-2.1.1@api-w/gems/actionpack-4.1.6/lib/action_dispatch/middleware/templates/rescues/_source.erb (1.1ms)
  Rendered /home/jefferson/.rvm/gems/ruby-2.1.1@api-w/gems/actionpack-4.1.6/lib/action_dispatch/middleware/templates/rescues/_trace.html.erb (1.8ms)
  Rendered /home/jefferson/.rvm/gems/ruby-2.1.1@api-w/gems/actionpack-4.1.6/lib/action_dispatch/middleware/templates/rescues/_request_and_response.html.erb (1.4ms)
  Rendered /home/jefferson/.rvm/gems/ruby-2.1.1@api-w/gems/actionpack-4.1.6/lib/action_dispatch/middleware/templates/rescues/diagnostics.erb within rescues/layout (18.2ms)


Started GET "/games/new?n_objectives=14&n_territories=42&n_players=5" for 127.0.0.1 at 2014-10-23 17:27:09 -0200

SyntaxError (/home/jefferson/API/api-w/app/controllers/games_controller.rb:21: syntax error, unexpected tSYMBEG, expecting '}'
          :territories => hash_ter,
           ^
/home/jefferson/API/api-w/app/controllers/games_controller.rb:22: syntax error, unexpected =>, expecting :: or '[' or '.'
          :objectives => hash_obj,
                        ^
/home/jefferson/API/api-w/app/controllers/games_controller.rb:23: syntax error, unexpected =>, expecting :: or '[' or '.'
          :player_order => arr_odr
                          ^):
  app/controllers/games_controller.rb:21: syntax error, unexpected tSYMBEG, expecting '}'
  app/controllers/games_controller.rb:22: syntax error, unexpected =>, expecting :: or '[' or '.'
  app/controllers/games_controller.rb:23: syntax error, unexpected =>, expecting :: or '[' or '.'


  Rendered /home/jefferson/.rvm/gems/ruby-2.1.1@api-w/gems/actionpack-4.1.6/lib/action_dispatch/middleware/templates/rescues/_source.erb (1.0ms)
  Rendered /home/jefferson/.rvm/gems/ruby-2.1.1@api-w/gems/actionpack-4.1.6/lib/action_dispatch/middleware/templates/rescues/_trace.html.erb (2.0ms)
  Rendered /home/jefferson/.rvm/gems/ruby-2.1.1@api-w/gems/actionpack-4.1.6/lib/action_dispatch/middleware/templates/rescues/_request_and_response.html.erb (1.3ms)
  Rendered /home/jefferson/.rvm/gems/ruby-2.1.1@api-w/gems/actionpack-4.1.6/lib/action_dispatch/middleware/templates/rescues/diagnostics.erb within rescues/layout (18.5ms)


Started GET "/games/new?n_objectives=14&n_territories=42&n_players=5" for 127.0.0.1 at 2014-10-23 17:27:20 -0200
Processing by GamesController#new as HTML
  Parameters: {"n_objectives"=>"14", "n_territories"=>"42", "n_players"=>"5"}
Completed 200 OK in 2ms (Views: 0.1ms | ActiveRecord: 0.0ms)


Started GET "/games/new?n_objectives=14&n_territories=42&n_players=5" for 127.0.0.1 at 2014-10-23 19:46:39 -0200
Processing by GamesController#new as HTML
  Parameters: {"n_objectives"=>"14", "n_territories"=>"42", "n_players"=>"5"}
Completed 200 OK in 1ms (Views: 0.1ms | ActiveRecord: 0.0ms)


Started GET "/games/new?n_objectives=14&n_territories=42&n_players=5" for 127.0.0.1 at 2014-10-23 19:46:51 -0200

SyntaxError (/home/jefferson/API/api-w/app/controllers/games_controller.rb:21: syntax error, unexpected tSYMBEG, expecting '}'
          :territories => hash_ter,
           ^
/home/jefferson/API/api-w/app/controllers/games_controller.rb:22: syntax error, unexpected =>, expecting :: or '[' or '.'
          :objectives => hash_obj,
                        ^
/home/jefferson/API/api-w/app/controllers/games_controller.rb:23: syntax error, unexpected =>, expecting :: or '[' or '.'
          :player_order => arr_odr
                          ^):
  app/controllers/games_controller.rb:21: syntax error, unexpected tSYMBEG, expecting '}'
  app/controllers/games_controller.rb:22: syntax error, unexpected =>, expecting :: or '[' or '.'
  app/controllers/games_controller.rb:23: syntax error, unexpected =>, expecting :: or '[' or '.'


  Rendered /home/jefferson/.rvm/gems/ruby-2.1.1@api-w/gems/actionpack-4.1.6/lib/action_dispatch/middleware/templates/rescues/_source.erb (1.2ms)
  Rendered /home/jefferson/.rvm/gems/ruby-2.1.1@api-w/gems/actionpack-4.1.6/lib/action_dispatch/middleware/templates/rescues/_trace.html.erb (4.1ms)
  Rendered /home/jefferson/.rvm/gems/ruby-2.1.1@api-w/gems/actionpack-4.1.6/lib/action_dispatch/middleware/templates/rescues/_request_and_response.html.erb (3.6ms)
  Rendered /home/jefferson/.rvm/gems/ruby-2.1.1@api-w/gems/actionpack-4.1.6/lib/action_dispatch/middleware/templates/rescues/diagnostics.erb within rescues/layout (29.3ms)


Started GET "/games/new?n_objectives=14&n_territories=42&n_players=5" for 127.0.0.1 at 2014-10-23 19:47:04 -0200
Processing by GamesController#new as HTML
  Parameters: {"n_objectives"=>"14", "n_territories"=>"42", "n_players"=>"5"}
Completed 500 Internal Server Error in 1ms

NoMethodError (undefined method `id' for #<Game:0xc2ccdcc @n_pla="5", @n_terr="42", @n_obj="14">):
  app/controllers/games_controller.rb:20:in `new'


  Rendered /home/jefferson/.rvm/gems/ruby-2.1.1@api-w/gems/actionpack-4.1.6/lib/action_dispatch/middleware/templates/rescues/_source.erb (1.0ms)
  Rendered /home/jefferson/.rvm/gems/ruby-2.1.1@api-w/gems/actionpack-4.1.6/lib/action_dispatch/middleware/templates/rescues/_trace.html.erb (2.0ms)
  Rendered /home/jefferson/.rvm/gems/ruby-2.1.1@api-w/gems/actionpack-4.1.6/lib/action_dispatch/middleware/templates/rescues/_request_and_response.html.erb (1.3ms)
  Rendered /home/jefferson/.rvm/gems/ruby-2.1.1@api-w/gems/actionpack-4.1.6/lib/action_dispatch/middleware/templates/rescues/diagnostics.erb within rescues/layout (18.3ms)


Started GET "/games/new?n_objectives=14&n_territories=42&n_players=5" for 127.0.0.1 at 2014-10-23 19:47:42 -0200
Processing by GamesController#new as HTML
  Parameters: {"n_objectives"=>"14", "n_territories"=>"42", "n_players"=>"5"}
Completed 500 Internal Server Error in 2ms

NoMethodError (undefined method `id' for #<Game:0xc221440 @n_pla="5", @n_terr="42", @n_obj="14">):
  app/controllers/games_controller.rb:20:in `new'


  Rendered /home/jefferson/.rvm/gems/ruby-2.1.1@api-w/gems/actionpack-4.1.6/lib/action_dispatch/middleware/templates/rescues/_source.erb (1.1ms)
  Rendered /home/jefferson/.rvm/gems/ruby-2.1.1@api-w/gems/actionpack-4.1.6/lib/action_dispatch/middleware/templates/rescues/_trace.html.erb (1.7ms)
  Rendered /home/jefferson/.rvm/gems/ruby-2.1.1@api-w/gems/actionpack-4.1.6/lib/action_dispatch/middleware/templates/rescues/_request_and_response.html.erb (1.4ms)
  Rendered /home/jefferson/.rvm/gems/ruby-2.1.1@api-w/gems/actionpack-4.1.6/lib/action_dispatch/middleware/templates/rescues/diagnostics.erb within rescues/layout (18.0ms)


Started GET "/games/new?n_objectives=14&n_territories=42&n_players=5" for 127.0.0.1 at 2014-10-23 19:47:45 -0200
Processing by GamesController#new as HTML
  Parameters: {"n_objectives"=>"14", "n_territories"=>"42", "n_players"=>"5"}
Completed 500 Internal Server Error in 0ms

NoMethodError (undefined method `id' for #<Game:0xc1d6bc0 @n_pla="5", @n_terr="42", @n_obj="14">):
  app/controllers/games_controller.rb:20:in `new'


  Rendered /home/jefferson/.rvm/gems/ruby-2.1.1@api-w/gems/actionpack-4.1.6/lib/action_dispatch/middleware/templates/rescues/_source.erb (0.9ms)
  Rendered /home/jefferson/.rvm/gems/ruby-2.1.1@api-w/gems/actionpack-4.1.6/lib/action_dispatch/middleware/templates/rescues/_trace.html.erb (2.0ms)
  Rendered /home/jefferson/.rvm/gems/ruby-2.1.1@api-w/gems/actionpack-4.1.6/lib/action_dispatch/middleware/templates/rescues/_request_and_response.html.erb (1.6ms)
  Rendered /home/jefferson/.rvm/gems/ruby-2.1.1@api-w/gems/actionpack-4.1.6/lib/action_dispatch/middleware/templates/rescues/diagnostics.erb within rescues/layout (18.6ms)


Started GET "/games/new?n_objectives=14&n_territories=42&n_players=5" for 127.0.0.1 at 2014-10-23 19:47:46 -0200
Processing by GamesController#new as HTML
  Parameters: {"n_objectives"=>"14", "n_territories"=>"42", "n_players"=>"5"}
Completed 500 Internal Server Error in 0ms

NoMethodError (undefined method `id' for #<Game:0xc1904b8 @n_pla="5", @n_terr="42", @n_obj="14">):
  app/controllers/games_controller.rb:20:in `new'


  Rendered /home/jefferson/.rvm/gems/ruby-2.1.1@api-w/gems/actionpack-4.1.6/lib/action_dispatch/middleware/templates/rescues/_source.erb (0.9ms)
  Rendered /home/jefferson/.rvm/gems/ruby-2.1.1@api-w/gems/actionpack-4.1.6/lib/action_dispatch/middleware/templates/rescues/_trace.html.erb (1.9ms)
  Rendered /home/jefferson/.rvm/gems/ruby-2.1.1@api-w/gems/actionpack-4.1.6/lib/action_dispatch/middleware/templates/rescues/_request_and_response.html.erb (1.5ms)
  Rendered /home/jefferson/.rvm/gems/ruby-2.1.1@api-w/gems/actionpack-4.1.6/lib/action_dispatch/middleware/templates/rescues/diagnostics.erb within rescues/layout (18.5ms)


Started GET "/games/new?n_objectives=14&n_territories=42&n_players=5" for 127.0.0.1 at 2014-10-23 19:47:49 -0200
Processing by GamesController#new as HTML
  Parameters: {"n_objectives"=>"14", "n_territories"=>"42", "n_players"=>"5"}
Completed 500 Internal Server Error in 0ms

NoMethodError (undefined method `id' for #<Game:0xc1455a8 @n_pla="5", @n_terr="42", @n_obj="14">):
  app/controllers/games_controller.rb:20:in `new'


  Rendered /home/jefferson/.rvm/gems/ruby-2.1.1@api-w/gems/actionpack-4.1.6/lib/action_dispatch/middleware/templates/rescues/_source.erb (1.3ms)
  Rendered /home/jefferson/.rvm/gems/ruby-2.1.1@api-w/gems/actionpack-4.1.6/lib/action_dispatch/middleware/templates/rescues/_trace.html.erb (1.8ms)
  Rendered /home/jefferson/.rvm/gems/ruby-2.1.1@api-w/gems/actionpack-4.1.6/lib/action_dispatch/middleware/templates/rescues/_request_and_response.html.erb (1.4ms)
  Rendered /home/jefferson/.rvm/gems/ruby-2.1.1@api-w/gems/actionpack-4.1.6/lib/action_dispatch/middleware/templates/rescues/diagnostics.erb within rescues/layout (18.6ms)


Started GET "/games/new?n_objectives=14&n_territories=42&n_players=5" for 127.0.0.1 at 2014-10-23 19:48:11 -0200
Processing by GamesController#new as HTML
  Parameters: {"n_objectives"=>"14", "n_territories"=>"42", "n_players"=>"5"}
Completed 500 Internal Server Error in 106357ms

NoMethodError (undefined method `id' for #<Game:0xbe28d98 @n_pla="5", @n_terr="42", @n_obj="14">):
  app/controllers/games_controller.rb:21:in `new'


  Rendered /home/jefferson/.rvm/gems/ruby-2.1.1@api-w/gems/actionpack-4.1.6/lib/action_dispatch/middleware/templates/rescues/_source.erb (1.0ms)
  Rendered /home/jefferson/.rvm/gems/ruby-2.1.1@api-w/gems/actionpack-4.1.6/lib/action_dispatch/middleware/templates/rescues/_trace.html.erb (1.9ms)
  Rendered /home/jefferson/.rvm/gems/ruby-2.1.1@api-w/gems/actionpack-4.1.6/lib/action_dispatch/middleware/templates/rescues/_request_and_response.html.erb (1.6ms)
  Rendered /home/jefferson/.rvm/gems/ruby-2.1.1@api-w/gems/actionpack-4.1.6/lib/action_dispatch/middleware/templates/rescues/diagnostics.erb within rescues/layout (18.4ms)


Started GET "/games/new?n_objectives=14&n_territories=42&n_players=5" for 127.0.0.1 at 2014-10-23 19:50:14 -0200
Processing by GamesController#new as HTML
  Parameters: {"n_objectives"=>"14", "n_territories"=>"42", "n_players"=>"5"}
Completed 500 Internal Server Error in 1ms

ArgumentError (wrong number of arguments (1 for 0)):
  app/models/game.rb:7:in `initialize'
  app/controllers/games_controller.rb:18:in `new'
  app/controllers/games_controller.rb:18:in `new'


  Rendered /home/jefferson/.rvm/gems/ruby-2.1.1@api-w/gems/actionpack-4.1.6/lib/action_dispatch/middleware/templates/rescues/_source.erb (1.0ms)
  Rendered /home/jefferson/.rvm/gems/ruby-2.1.1@api-w/gems/actionpack-4.1.6/lib/action_dispatch/middleware/templates/rescues/_trace.html.erb (1.9ms)
  Rendered /home/jefferson/.rvm/gems/ruby-2.1.1@api-w/gems/actionpack-4.1.6/lib/action_dispatch/middleware/templates/rescues/_request_and_response.html.erb (1.3ms)
  Rendered /home/jefferson/.rvm/gems/ruby-2.1.1@api-w/gems/actionpack-4.1.6/lib/action_dispatch/middleware/templates/rescues/diagnostics.erb within rescues/layout (17.9ms)


Started GET "/games/new?n_objectives=14&n_territories=42&n_players=5" for 127.0.0.1 at 2014-10-23 19:50:49 -0200
Processing by GamesController#new as HTML
  Parameters: {"n_objectives"=>"14", "n_territories"=>"42", "n_players"=>"5"}
Completed 500 Internal Server Error in 1ms

ArgumentError (wrong number of arguments (1 for 3)):
  app/models/game.rb:7:in `initialize'
  app/controllers/games_controller.rb:18:in `new'
  app/controllers/games_controller.rb:18:in `new'


  Rendered /home/jefferson/.rvm/gems/ruby-2.1.1@api-w/gems/actionpack-4.1.6/lib/action_dispatch/middleware/templates/rescues/_source.erb (1.0ms)
  Rendered /home/jefferson/.rvm/gems/ruby-2.1.1@api-w/gems/actionpack-4.1.6/lib/action_dispatch/middleware/templates/rescues/_trace.html.erb (2.0ms)
  Rendered /home/jefferson/.rvm/gems/ruby-2.1.1@api-w/gems/actionpack-4.1.6/lib/action_dispatch/middleware/templates/rescues/_request_and_response.html.erb (1.5ms)
  Rendered /home/jefferson/.rvm/gems/ruby-2.1.1@api-w/gems/actionpack-4.1.6/lib/action_dispatch/middleware/templates/rescues/diagnostics.erb within rescues/layout (18.4ms)


Started GET "/games/new?n_objectives=14&n_territories=42&n_players=5" for 127.0.0.1 at 2014-10-23 19:51:49 -0200
Processing by GamesController#new as HTML
  Parameters: {"n_objectives"=>"14", "n_territories"=>"42", "n_players"=>"5"}
Completed 500 Internal Server Error in 2ms

ArgumentError (wrong number of arguments (1 for 3)):
  app/models/game.rb:7:in `initialize'
  app/controllers/games_controller.rb:18:in `new'
  app/controllers/games_controller.rb:18:in `new'


  Rendered /home/jefferson/.rvm/gems/ruby-2.1.1@api-w/gems/actionpack-4.1.6/lib/action_dispatch/middleware/templates/rescues/_source.erb (50.4ms)
  Rendered /home/jefferson/.rvm/gems/ruby-2.1.1@api-w/gems/actionpack-4.1.6/lib/action_dispatch/middleware/templates/rescues/_trace.html.erb (2.0ms)
  Rendered /home/jefferson/.rvm/gems/ruby-2.1.1@api-w/gems/actionpack-4.1.6/lib/action_dispatch/middleware/templates/rescues/_request_and_response.html.erb (1.7ms)
  Rendered /home/jefferson/.rvm/gems/ruby-2.1.1@api-w/gems/actionpack-4.1.6/lib/action_dispatch/middleware/templates/rescues/diagnostics.erb within rescues/layout (68.5ms)


Started GET "/games/new?n_objectives=14&n_territories=42&n_players=5" for 127.0.0.1 at 2014-10-23 19:58:27 -0200
Processing by GamesController#new as HTML
  Parameters: {"n_objectives"=>"14", "n_territories"=>"42", "n_players"=>"5"}
Completed 200 OK in 2ms (Views: 0.1ms | ActiveRecord: 0.0ms)


Started GET "/games/new?n_objectives=14&n_territories=42&n_players=5" for 127.0.0.1 at 2014-10-23 19:58:41 -0200
Processing by GamesController#new as HTML
  Parameters: {"n_objectives"=>"14", "n_territories"=>"42", "n_players"=>"5"}
Completed 200 OK in 1ms (Views: 0.1ms | ActiveRecord: 0.0ms)


Started GET "/games/new?n_objectives=14&n_territories=42&n_players=5" for 127.0.0.1 at 2014-10-23 19:58:42 -0200
Processing by GamesController#new as HTML
  Parameters: {"n_objectives"=>"14", "n_territories"=>"42", "n_players"=>"5"}
Completed 200 OK in 1ms (Views: 0.1ms | ActiveRecord: 0.0ms)
>>>>>>> b3884872119607269518e693c4d3699b7e62c914
  [1m[36m (445.6ms)[0m  [1mCREATE TABLE "schema_migrations" ("version" varchar(255) NOT NULL) [0m
  [1m[35m (0.2ms)[0m  select sqlite_version(*)
  [1m[36m (352.1ms)[0m  [1mCREATE UNIQUE INDEX "unique_schema_migrations" ON "schema_migrations" ("version")[0m
  [1m[35mActiveRecord::SchemaMigration Load (0.2ms)[0m  SELECT "schema_migrations".* FROM "schema_migrations"
Migrating to CreateTestes (20141005125815)
  [1m[36m (0.1ms)[0m  [1mbegin transaction[0m
  [1m[35m (0.6ms)[0m  CREATE TABLE "testes" ("id" INTEGER PRIMARY KEY AUTOINCREMENT NOT NULL, "created_at" datetime, "updated_at" datetime) 
  [1m[36mSQL (0.2ms)[0m  [1mINSERT INTO "schema_migrations" ("version") VALUES (?)[0m  [["version", "20141005125815"]]
  [1m[35m (533.4ms)[0m  commit transaction
Migrating to CreateGames (20141023224615)
  [1m[36m (0.1ms)[0m  [1mbegin transaction[0m
  [1m[35m (0.7ms)[0m  CREATE TABLE "games" ("id" INTEGER PRIMARY KEY AUTOINCREMENT NOT NULL, "name" varchar(255), "infos" varchar(255), "players" varchar(255), "n_territories" integer, "n_goals" integer, "active" boolean, "in_room" boolean, "created_at" datetime, "updated_at" datetime) 
  [1m[36mSQL (0.6ms)[0m  [1mINSERT INTO "schema_migrations" ("version") VALUES (?)[0m  [["version", "20141023224615"]]
  [1m[35m (527.3ms)[0m  commit transaction
Migrating to CreatePlayers (20141023230132)
  [1m[36m (0.2ms)[0m  [1mbegin transaction[0m
  [1m[35m (0.8ms)[0m  CREATE TABLE "players" ("id" INTEGER PRIMARY KEY AUTOINCREMENT NOT NULL, "name" varchar(255), "type" integer, "goal_id" integer, "id_ingame" integer, "created_at" datetime, "updated_at" datetime) 
  [1m[36mSQL (0.6ms)[0m  [1mINSERT INTO "schema_migrations" ("version") VALUES (?)[0m  [["version", "20141023230132"]]
  [1m[35m (591.5ms)[0m  commit transaction
  [1m[36mActiveRecord::SchemaMigration Load (0.1ms)[0m  [1mSELECT "schema_migrations".* FROM "schema_migrations"[0m
